Command line:
   first_h_first_h_sch_tb_isim_beh.exe
     -simmode  gui
     -simrunnum  0
     -socket  58193

Mon Jun 08 18:30:36 2020


 Elaboration Time: 0.078125 sec

 Current Memory Usage: 5154.3 Meg

 Total Signals          : 530
 Total Nets             : 167
 Total Signal Drivers   : 117
 Total Blocks           : 124
 Total Primitive Blocks : 102
 Total Processes        : 116
 Total Traceable Variables  : 28
 Total Scalar Nets and Variables : 665
Total Line Count : 147

 Total Simulation Time: 0.1875 sec

 Current Memory Usage: 4997.01 Meg

Mon Jun 08 18:32:21 2020

