Command line:
   fulladdertb_isim_beh.exe
     -simmode  gui
     -simrunnum  0
     -socket  63964

Thu Jun 04 18:20:08 2020


 Elaboration Time: 0 sec

 Current Memory Usage: 5154.83 Meg

 Total Signals          : 10
 Total Nets             : 5
 Total Signal Drivers   : 5
 Total Blocks           : 3
 Total Primitive Blocks : 2
 Total Processes        : 5
 Total Traceable Variables  : 8
 Total Scalar Nets and Variables : 365
Total Line Count : 12

 Total Simulation Time: 0.171875 sec

 Current Memory Usage: 4682.97 Meg

Thu Jun 04 19:03:03 2020

