Command line:
   mod7Counter_mod7Counter_sch_tb_isim_beh.exe
     -simmode  gui
     -simrunnum  0
     -socket  57030

Fri Jun 05 13:58:01 2020


 Elaboration Time: 0.015625 sec

 Current Memory Usage: 5154.3 Meg

 Total Signals          : 97
 Total Nets             : 46
 Total Signal Drivers   : 18
 Total Blocks           : 19
 Total Primitive Blocks : 14
 Total Processes        : 19
 Total Traceable Variables  : 20
 Total Scalar Nets and Variables : 536
Total Line Count : 28

 Total Simulation Time: 0.03125 sec

 Current Memory Usage: 4997.02 Meg

Fri Jun 05 13:59:09 2020

