Command line:
   first_b_first_b_sch_tb_isim_beh.exe
     -simmode  gui
     -simrunnum  0
     -socket  58554

Mon Jun 08 19:56:13 2020


 Elaboration Time: 0.015625 sec

 Current Memory Usage: 5154.39 Meg

 Total Signals          : 93
 Total Nets             : 62
 Total Signal Drivers   : 22
 Total Blocks           : 23
 Total Primitive Blocks : 21
 Total Processes        : 21
 Total Traceable Variables  : 15
 Total Scalar Nets and Variables : 547
Total Line Count : 28

 Total Simulation Time: 0.0625 sec

 Current Memory Usage: 4682.53 Meg

Mon Jun 08 20:18:37 2020

