Command line:
   first_a_revised_first_a_revised_sch_tb_isim_beh.exe
     -simmode  gui
     -simrunnum  0
     -socket  50776

Sat Jun 06 14:47:39 2020


 Elaboration Time: 0.03125 sec

 Current Memory Usage: 5154.95 Meg

 Total Signals          : 503
 Total Nets             : 179
 Total Signal Drivers   : 121
 Total Blocks           : 108
 Total Primitive Blocks : 92
 Total Processes        : 118
 Total Traceable Variables  : 29
 Total Scalar Nets and Variables : 678
Total Line Count : 153

 Total Simulation Time: 1.53125 sec

 Current Memory Usage: 4683.09 Meg

Sat Jun 06 15:18:23 2020

